{"numFailedTestSuites":0,"numFailedTests":0,"numPassedTestSuites":2,"numPassedTests":2,"numPendingTestSuites":0,"numPendingTests":0,"numRuntimeErrorTestSuites":0,"numTodoTests":0,"numTotalTestSuites":2,"numTotalTests":2,"openHandles":[],"snapshot":{"added":0,"didUpdate":false,"failure":false,"filesAdded":0,"filesRemoved":0,"filesRemovedList":[],"filesUnmatched":0,"filesUpdated":0,"matched":0,"total":0,"unchecked":0,"uncheckedKeysByFile":[],"unmatched":0,"updated":0},"startTime":1753864341288,"success":true,"testResults":[{"assertionResults":[{"ancestorTitles":["API 自动化测试"],"duration":471,"failing":false,"failureDetails":[],"failureMessages":[],"fullName":"API 自动化测试 Get the Users List","invocations":1,"location":null,"numPassingAsserts":3,"retryReasons":[],"startAt":1753864344297,"status":"passed","title":"Get the Users List"}],"endTime":1753864344772,"message":"","name":"D:\\ApiTester\\ApiTester-JS\\src\\testRunner.test.ts","startTime":1753864341343,"status":"passed","summary":""},{"assertionResults":[{"ancestorTitles":["环境验证"],"duration":1,"failing":false,"failureDetails":[],"failureMessages":[],"fullName":"环境验证 示例测试","invocations":1,"location":null,"numPassingAsserts":1,"retryReasons":[],"startAt":1753864344911,"status":"passed","title":"示例测试"}],"endTime":1753864344913,"message":"","name":"D:\\ApiTester\\ApiTester-JS\\src\\sample.test.ts","startTime":1753864344798,"status":"passed","summary":""}],"wasInterrupted":false}
